Analysis & Synthesis report for Cafeteira
Thu Jul 28 17:58:26 2022
Quartus Prime Version 21.1.0 Build 842 10/21/2021 SJ Lite Edition


---------------------
; Table of Contents ;
---------------------
  1. Legal Notice
  2. Analysis & Synthesis Summary
  3. Analysis & Synthesis Settings
  4. Parallel Compilation
  5. Port Connectivity Checks: "Processador:U06"
  6. Port Connectivity Checks: "ConversorD7:U05"
  7. Port Connectivity Checks: "ConversorD7:U04"
  8. Port Connectivity Checks: "ConversorD7:U03"
  9. Port Connectivity Checks: "ConversorD7:U02"
 10. Analysis & Synthesis Messages



----------------
; Legal Notice ;
----------------
Copyright (C) 2021  Intel Corporation. All rights reserved.
Your use of Intel Corporation's design tools, logic functions 
and other software and tools, and any partner logic 
functions, and any output files from any of the foregoing 
(including device programming or simulation files), and any 
associated documentation or information are expressly subject 
to the terms and conditions of the Intel Program License 
Subscription Agreement, the Intel Quartus Prime License Agreement,
the Intel FPGA IP License Agreement, or other applicable license
agreement, including, without limitation, that your use is for
the sole purpose of programming logic devices manufactured by
Intel and sold by Intel or its authorized distributors.  Please
refer to the applicable agreement for further details, at
https://fpgasoftware.intel.com/eula.



+----------------------------------------------------------------------------------+
; Analysis & Synthesis Summary                                                     ;
+------------------------------------+---------------------------------------------+
; Analysis & Synthesis Status        ; Failed - Thu Jul 28 17:58:26 2022           ;
; Quartus Prime Version              ; 21.1.0 Build 842 10/21/2021 SJ Lite Edition ;
; Revision Name                      ; Cafeteira                                   ;
; Top-level Entity Name              ; Cafeteira                                   ;
; Family                             ; MAX 10                                      ;
; Total logic elements               ; N/A until Partition Merge                   ;
;     Total combinational functions  ; N/A until Partition Merge                   ;
;     Dedicated logic registers      ; N/A until Partition Merge                   ;
; Total registers                    ; N/A until Partition Merge                   ;
; Total pins                         ; N/A until Partition Merge                   ;
; Total virtual pins                 ; N/A until Partition Merge                   ;
; Total memory bits                  ; N/A until Partition Merge                   ;
; Embedded Multiplier 9-bit elements ; N/A until Partition Merge                   ;
; Total PLLs                         ; N/A until Partition Merge                   ;
; UFM blocks                         ; N/A until Partition Merge                   ;
; ADC blocks                         ; N/A until Partition Merge                   ;
+------------------------------------+---------------------------------------------+


+------------------------------------------------------------------------------------------------------------+
; Analysis & Synthesis Settings                                                                              ;
+------------------------------------------------------------------+--------------------+--------------------+
; Option                                                           ; Setting            ; Default Value      ;
+------------------------------------------------------------------+--------------------+--------------------+
; Device                                                           ; 10M50DAF484C7G     ;                    ;
; Top-level entity name                                            ; Cafeteira          ; Cafeteira          ;
; Family name                                                      ; MAX 10             ; Cyclone V          ;
; Use smart compilation                                            ; Off                ; Off                ;
; Enable parallel Assembler and Timing Analyzer during compilation ; On                 ; On                 ;
; Enable compact report table                                      ; Off                ; Off                ;
; Restructure Multiplexers                                         ; Auto               ; Auto               ;
; Create Debugging Nodes for IP Cores                              ; Off                ; Off                ;
; Preserve fewer node names                                        ; On                 ; On                 ;
; Intel FPGA IP Evaluation Mode                                    ; Enable             ; Enable             ;
; Verilog Version                                                  ; Verilog_2001       ; Verilog_2001       ;
; VHDL Version                                                     ; VHDL_1993          ; VHDL_1993          ;
; State Machine Processing                                         ; Auto               ; Auto               ;
; Safe State Machine                                               ; Off                ; Off                ;
; Extract Verilog State Machines                                   ; On                 ; On                 ;
; Extract VHDL State Machines                                      ; On                 ; On                 ;
; Ignore Verilog initial constructs                                ; Off                ; Off                ;
; Iteration limit for constant Verilog loops                       ; 5000               ; 5000               ;
; Iteration limit for non-constant Verilog loops                   ; 250                ; 250                ;
; Add Pass-Through Logic to Inferred RAMs                          ; On                 ; On                 ;
; Infer RAMs from Raw Logic                                        ; On                 ; On                 ;
; Parallel Synthesis                                               ; On                 ; On                 ;
; DSP Block Balancing                                              ; Auto               ; Auto               ;
; NOT Gate Push-Back                                               ; On                 ; On                 ;
; Power-Up Don't Care                                              ; On                 ; On                 ;
; Remove Redundant Logic Cells                                     ; Off                ; Off                ;
; Remove Duplicate Registers                                       ; On                 ; On                 ;
; Ignore CARRY Buffers                                             ; Off                ; Off                ;
; Ignore CASCADE Buffers                                           ; Off                ; Off                ;
; Ignore GLOBAL Buffers                                            ; Off                ; Off                ;
; Ignore ROW GLOBAL Buffers                                        ; Off                ; Off                ;
; Ignore LCELL Buffers                                             ; Off                ; Off                ;
; Ignore SOFT Buffers                                              ; On                 ; On                 ;
; Limit AHDL Integers to 32 Bits                                   ; Off                ; Off                ;
; Optimization Technique                                           ; Balanced           ; Balanced           ;
; Carry Chain Length                                               ; 70                 ; 70                 ;
; Auto Carry Chains                                                ; On                 ; On                 ;
; Auto Open-Drain Pins                                             ; On                 ; On                 ;
; Perform WYSIWYG Primitive Resynthesis                            ; Off                ; Off                ;
; Auto ROM Replacement                                             ; On                 ; On                 ;
; Auto RAM Replacement                                             ; On                 ; On                 ;
; Auto DSP Block Replacement                                       ; On                 ; On                 ;
; Auto Shift Register Replacement                                  ; Auto               ; Auto               ;
; Allow Shift Register Merging across Hierarchies                  ; Auto               ; Auto               ;
; Auto Clock Enable Replacement                                    ; On                 ; On                 ;
; Strict RAM Replacement                                           ; Off                ; Off                ;
; Allow Synchronous Control Signals                                ; On                 ; On                 ;
; Force Use of Synchronous Clear Signals                           ; Off                ; Off                ;
; Auto RAM Block Balancing                                         ; On                 ; On                 ;
; Auto RAM to Logic Cell Conversion                                ; Off                ; Off                ;
; Auto Resource Sharing                                            ; Off                ; Off                ;
; Allow Any RAM Size For Recognition                               ; Off                ; Off                ;
; Allow Any ROM Size For Recognition                               ; Off                ; Off                ;
; Allow Any Shift Register Size For Recognition                    ; Off                ; Off                ;
; Use LogicLock Constraints during Resource Balancing              ; On                 ; On                 ;
; Ignore translate_off and synthesis_off directives                ; Off                ; Off                ;
; Timing-Driven Synthesis                                          ; On                 ; On                 ;
; Report Parameter Settings                                        ; On                 ; On                 ;
; Report Source Assignments                                        ; On                 ; On                 ;
; Report Connectivity Checks                                       ; On                 ; On                 ;
; Ignore Maximum Fan-Out Assignments                               ; Off                ; Off                ;
; Synchronization Register Chain Length                            ; 2                  ; 2                  ;
; Power Optimization During Synthesis                              ; Normal compilation ; Normal compilation ;
; HDL message level                                                ; Level2             ; Level2             ;
; Suppress Register Optimization Related Messages                  ; Off                ; Off                ;
; Number of Removed Registers Reported in Synthesis Report         ; 5000               ; 5000               ;
; Number of Swept Nodes Reported in Synthesis Report               ; 5000               ; 5000               ;
; Number of Inverted Registers Reported in Synthesis Report        ; 100                ; 100                ;
; Clock MUX Protection                                             ; On                 ; On                 ;
; Auto Gated Clock Conversion                                      ; Off                ; Off                ;
; Block Design Naming                                              ; Auto               ; Auto               ;
; SDC constraint protection                                        ; Off                ; Off                ;
; Synthesis Effort                                                 ; Auto               ; Auto               ;
; Shift Register Replacement - Allow Asynchronous Clear Signal     ; On                 ; On                 ;
; Pre-Mapping Resynthesis Optimization                             ; Off                ; Off                ;
; Analysis & Synthesis Message Level                               ; Medium             ; Medium             ;
; Disable Register Merging Across Hierarchies                      ; Auto               ; Auto               ;
; Resource Aware Inference For Block RAM                           ; On                 ; On                 ;
+------------------------------------------------------------------+--------------------+--------------------+


+------------------------------------------+
; Parallel Compilation                     ;
+----------------------------+-------------+
; Processors                 ; Number      ;
+----------------------------+-------------+
; Number detected on machine ; 4           ;
; Maximum allowed            ; 2           ;
;                            ;             ;
; Average used               ; 1.00        ;
; Maximum used               ; 1           ;
;                            ;             ;
; Usage by Processor         ; % Time Used ;
;     Processor 1            ; 100.0%      ;
+----------------------------+-------------+


+--------------------------------------------------------------------------------------------------------------------------------------------------+
; Port Connectivity Checks: "Processador:U06"                                                                                                      ;
+------------+-------+------------------+----------------------------------------------------------------------------------------------------------+
; Port       ; Type  ; Severity         ; Details                                                                                                  ;
+------------+-------+------------------+----------------------------------------------------------------------------------------------------------+
; i_state[0] ; Input ; Info             ; Stuck at GND                                                                                             ;
; i_opt      ; Input ; Info             ; Stuck at GND                                                                                             ;
; i_tamanho  ; Input ; Info             ; Stuck at GND                                                                                             ;
; i_acucar   ; Input ; Info             ; Stuck at GND                                                                                             ;
; i_valor    ; Input ; Critical Warning ; Can't connect array with 28 elements in array dimension 1 to port with 24 elements in the same dimension ;
+------------+-------+------------------+----------------------------------------------------------------------------------------------------------+


+---------------------------------------------+
; Port Connectivity Checks: "ConversorD7:U05" ;
+---------+-------+----------+----------------+
; Port    ; Type  ; Severity ; Details        ;
+---------+-------+----------+----------------+
; i_letra ; Input ; Info     ; Stuck at GND   ;
+---------+-------+----------+----------------+


+---------------------------------------------+
; Port Connectivity Checks: "ConversorD7:U04" ;
+---------+-------+----------+----------------+
; Port    ; Type  ; Severity ; Details        ;
+---------+-------+----------+----------------+
; i_letra ; Input ; Info     ; Stuck at GND   ;
+---------+-------+----------+----------------+


+---------------------------------------------+
; Port Connectivity Checks: "ConversorD7:U03" ;
+---------+-------+----------+----------------+
; Port    ; Type  ; Severity ; Details        ;
+---------+-------+----------+----------------+
; i_letra ; Input ; Info     ; Stuck at GND   ;
+---------+-------+----------+----------------+


+---------------------------------------------+
; Port Connectivity Checks: "ConversorD7:U02" ;
+---------+-------+----------+----------------+
; Port    ; Type  ; Severity ; Details        ;
+---------+-------+----------+----------------+
; i_letra ; Input ; Info     ; Stuck at GND   ;
+---------+-------+----------+----------------+


+-------------------------------+
; Analysis & Synthesis Messages ;
+-------------------------------+
Info: *******************************************************************
Info: Running Quartus Prime Analysis & Synthesis
    Info: Version 21.1.0 Build 842 10/21/2021 SJ Lite Edition
    Info: Processing started: Thu Jul 28 17:58:08 2022
Info: Command: quartus_map --read_settings_files=on --write_settings_files=off Cafeteira -c Cafeteira
Warning (18236): Number of processors has not been specified which may cause overloading on shared machines.  Set the global assignment NUM_PARALLEL_PROCESSORS in your QSF to an appropriate value for best performance.
Info (20030): Parallel compilation is enabled and will use 2 of the 2 processors detected
Info (12021): Found 2 design units, including 1 entities, in source file /users/lsdeo/documents/ararangua/eng. comp/ldh/cafeteira_repo/cronometro/cronometro.vhd
    Info (12022): Found design unit 1: Cronometro-Behavioral File: D:/Users/lsdeo/Documents/Ararangua/Eng. Comp/LDH/Cafeteira_Repo/Cronometro/CRONOMETRO.vhd Line: 16
    Info (12023): Found entity 1: Cronometro File: D:/Users/lsdeo/Documents/Ararangua/Eng. Comp/LDH/Cafeteira_Repo/Cronometro/CRONOMETRO.vhd Line: 6
Info (12021): Found 2 design units, including 1 entities, in source file /users/lsdeo/documents/ararangua/eng. comp/ldh/cafeteira_repo/pll/pll_intel.vhd
    Info (12022): Found design unit 1: pll_intel-SYN File: D:/Users/lsdeo/Documents/Ararangua/Eng. Comp/LDH/Cafeteira_Repo/PLL/PLL_INTEL.vhd Line: 54
    Info (12023): Found entity 1: PLL_INTEL File: D:/Users/lsdeo/Documents/Ararangua/Eng. Comp/LDH/Cafeteira_Repo/PLL/PLL_INTEL.vhd Line: 43
Info (12021): Found 2 design units, including 1 entities, in source file /users/lsdeo/documents/ararangua/eng. comp/ldh/cafeteira_repo/processador/processador.vhd
    Info (12022): Found design unit 1: Processador-Behavioral File: D:/Users/lsdeo/Documents/Ararangua/Eng. Comp/LDH/Cafeteira_Repo/Processador/Processador.vhd Line: 28
    Info (12023): Found entity 1: Processador File: D:/Users/lsdeo/Documents/Ararangua/Eng. Comp/LDH/Cafeteira_Repo/Processador/Processador.vhd Line: 6
Info (12021): Found 2 design units, including 1 entities, in source file /users/lsdeo/documents/ararangua/eng. comp/ldh/cafeteira_repo/conversord7/tb_conversord7.vhd
    Info (12022): Found design unit 1: TB_ConversorD7-Test_Bench File: D:/Users/lsdeo/Documents/Ararangua/Eng. Comp/LDH/Cafeteira_Repo/ConversorD7/TB_ConversorD7.vhd Line: 10
    Info (12023): Found entity 1: TB_ConversorD7 File: D:/Users/lsdeo/Documents/Ararangua/Eng. Comp/LDH/Cafeteira_Repo/ConversorD7/TB_ConversorD7.vhd Line: 7
Info (12021): Found 2 design units, including 1 entities, in source file /users/lsdeo/documents/ararangua/eng. comp/ldh/cafeteira_repo/conversord7/conversord7.vhd
    Info (12022): Found design unit 1: ConversorD7-Behavioral File: D:/Users/lsdeo/Documents/Ararangua/Eng. Comp/LDH/Cafeteira_Repo/ConversorD7/ConversorD7.vhd Line: 15
    Info (12023): Found entity 1: ConversorD7 File: D:/Users/lsdeo/Documents/Ararangua/Eng. Comp/LDH/Cafeteira_Repo/ConversorD7/ConversorD7.vhd Line: 6
Info (12021): Found 2 design units, including 1 entities, in source file cafeteira.vhd
    Info (12022): Found design unit 1: Cafeteira-Behavioral File: D:/Users/lsdeo/Documents/Ararangua/Eng. Comp/LDH/Cafeteira_Repo/Cafeteira/Cafeteira.vhd Line: 43
    Info (12023): Found entity 1: Cafeteira File: D:/Users/lsdeo/Documents/Ararangua/Eng. Comp/LDH/Cafeteira_Repo/Cafeteira/Cafeteira.vhd Line: 6
Warning (12019): Can't analyze file -- file ../WaterControl/waterControl.vhd is missing
Info (12127): Elaborating entity "Cafeteira" for the top level hierarchy
Warning (10541): VHDL Signal Declaration warning at Cafeteira.vhd(95): used implicit default value for signal "w_rst" because signal was never assigned a value or an explicit default value. Use of implicit default value may introduce unintended design optimizations. File: D:/Users/lsdeo/Documents/Ararangua/Eng. Comp/LDH/Cafeteira_Repo/Cafeteira/Cafeteira.vhd Line: 95
Warning (10541): VHDL Signal Declaration warning at Cafeteira.vhd(97): used implicit default value for signal "w_clk" because signal was never assigned a value or an explicit default value. Use of implicit default value may introduce unintended design optimizations. File: D:/Users/lsdeo/Documents/Ararangua/Eng. Comp/LDH/Cafeteira_Repo/Cafeteira/Cafeteira.vhd Line: 97
Warning (10492): VHDL Process Statement warning at Cafeteira.vhd(203): signal "w_f_repo" is read inside the Process Statement but isn't in the Process Statement's sensitivity list File: D:/Users/lsdeo/Documents/Ararangua/Eng. Comp/LDH/Cafeteira_Repo/Cafeteira/Cafeteira.vhd Line: 203
Warning (10631): VHDL Process Statement warning at Cafeteira.vhd(186): inferring latch(es) for signal or variable "o_l_cafe", which holds its previous value in one or more paths through the process File: D:/Users/lsdeo/Documents/Ararangua/Eng. Comp/LDH/Cafeteira_Repo/Cafeteira/Cafeteira.vhd Line: 186
Warning (10631): VHDL Process Statement warning at Cafeteira.vhd(186): inferring latch(es) for signal or variable "o_l_cafe_leite", which holds its previous value in one or more paths through the process File: D:/Users/lsdeo/Documents/Ararangua/Eng. Comp/LDH/Cafeteira_Repo/Cafeteira/Cafeteira.vhd Line: 186
Warning (10631): VHDL Process Statement warning at Cafeteira.vhd(186): inferring latch(es) for signal or variable "o_l_mocaccino", which holds its previous value in one or more paths through the process File: D:/Users/lsdeo/Documents/Ararangua/Eng. Comp/LDH/Cafeteira_Repo/Cafeteira/Cafeteira.vhd Line: 186
Warning (10631): VHDL Process Statement warning at Cafeteira.vhd(186): inferring latch(es) for signal or variable "o_l_tamanho", which holds its previous value in one or more paths through the process File: D:/Users/lsdeo/Documents/Ararangua/Eng. Comp/LDH/Cafeteira_Repo/Cafeteira/Cafeteira.vhd Line: 186
Warning (10631): VHDL Process Statement warning at Cafeteira.vhd(186): inferring latch(es) for signal or variable "o_l_acucar", which holds its previous value in one or more paths through the process File: D:/Users/lsdeo/Documents/Ararangua/Eng. Comp/LDH/Cafeteira_Repo/Cafeteira/Cafeteira.vhd Line: 186
Warning (10631): VHDL Process Statement warning at Cafeteira.vhd(186): inferring latch(es) for signal or variable "w_letra_0", which holds its previous value in one or more paths through the process File: D:/Users/lsdeo/Documents/Ararangua/Eng. Comp/LDH/Cafeteira_Repo/Cafeteira/Cafeteira.vhd Line: 186
Warning (10631): VHDL Process Statement warning at Cafeteira.vhd(186): inferring latch(es) for signal or variable "w_letra_1", which holds its previous value in one or more paths through the process File: D:/Users/lsdeo/Documents/Ararangua/Eng. Comp/LDH/Cafeteira_Repo/Cafeteira/Cafeteira.vhd Line: 186
Warning (10631): VHDL Process Statement warning at Cafeteira.vhd(186): inferring latch(es) for signal or variable "w_letra_2", which holds its previous value in one or more paths through the process File: D:/Users/lsdeo/Documents/Ararangua/Eng. Comp/LDH/Cafeteira_Repo/Cafeteira/Cafeteira.vhd Line: 186
Warning (10631): VHDL Process Statement warning at Cafeteira.vhd(186): inferring latch(es) for signal or variable "w_letra_3", which holds its previous value in one or more paths through the process File: D:/Users/lsdeo/Documents/Ararangua/Eng. Comp/LDH/Cafeteira_Repo/Cafeteira/Cafeteira.vhd Line: 186
Warning (10631): VHDL Process Statement warning at Cafeteira.vhd(186): inferring latch(es) for signal or variable "w_state", which holds its previous value in one or more paths through the process File: D:/Users/lsdeo/Documents/Ararangua/Eng. Comp/LDH/Cafeteira_Repo/Cafeteira/Cafeteira.vhd Line: 186
Warning (10631): VHDL Process Statement warning at Cafeteira.vhd(186): inferring latch(es) for signal or variable "w_opt", which holds its previous value in one or more paths through the process File: D:/Users/lsdeo/Documents/Ararangua/Eng. Comp/LDH/Cafeteira_Repo/Cafeteira/Cafeteira.vhd Line: 186
Warning (10631): VHDL Process Statement warning at Cafeteira.vhd(186): inferring latch(es) for signal or variable "o_l_reposicao", which holds its previous value in one or more paths through the process File: D:/Users/lsdeo/Documents/Ararangua/Eng. Comp/LDH/Cafeteira_Repo/Cafeteira/Cafeteira.vhd Line: 186
Warning (10873): Using initial value X (don't care) for net "w_acucar" at Cafeteira.vhd(98) File: D:/Users/lsdeo/Documents/Ararangua/Eng. Comp/LDH/Cafeteira_Repo/Cafeteira/Cafeteira.vhd Line: 98
Warning (10873): Using initial value X (don't care) for net "w_tamanho" at Cafeteira.vhd(99) File: D:/Users/lsdeo/Documents/Ararangua/Eng. Comp/LDH/Cafeteira_Repo/Cafeteira/Cafeteira.vhd Line: 99
Info (10041): Inferred latch for "o_l_reposicao" at Cafeteira.vhd(186) File: D:/Users/lsdeo/Documents/Ararangua/Eng. Comp/LDH/Cafeteira_Repo/Cafeteira/Cafeteira.vhd Line: 186
Info (10041): Inferred latch for "w_opt[0]" at Cafeteira.vhd(186) File: D:/Users/lsdeo/Documents/Ararangua/Eng. Comp/LDH/Cafeteira_Repo/Cafeteira/Cafeteira.vhd Line: 186
Info (10041): Inferred latch for "w_opt[1]" at Cafeteira.vhd(186) File: D:/Users/lsdeo/Documents/Ararangua/Eng. Comp/LDH/Cafeteira_Repo/Cafeteira/Cafeteira.vhd Line: 186
Info (10041): Inferred latch for "w_state[0]" at Cafeteira.vhd(186) File: D:/Users/lsdeo/Documents/Ararangua/Eng. Comp/LDH/Cafeteira_Repo/Cafeteira/Cafeteira.vhd Line: 186
Info (10041): Inferred latch for "w_state[1]" at Cafeteira.vhd(186) File: D:/Users/lsdeo/Documents/Ararangua/Eng. Comp/LDH/Cafeteira_Repo/Cafeteira/Cafeteira.vhd Line: 186
Info (10041): Inferred latch for "w_letra_3[0]" at Cafeteira.vhd(186) File: D:/Users/lsdeo/Documents/Ararangua/Eng. Comp/LDH/Cafeteira_Repo/Cafeteira/Cafeteira.vhd Line: 186
Info (10041): Inferred latch for "w_letra_3[1]" at Cafeteira.vhd(186) File: D:/Users/lsdeo/Documents/Ararangua/Eng. Comp/LDH/Cafeteira_Repo/Cafeteira/Cafeteira.vhd Line: 186
Info (10041): Inferred latch for "w_letra_3[2]" at Cafeteira.vhd(186) File: D:/Users/lsdeo/Documents/Ararangua/Eng. Comp/LDH/Cafeteira_Repo/Cafeteira/Cafeteira.vhd Line: 186
Info (10041): Inferred latch for "w_letra_2[0]" at Cafeteira.vhd(186) File: D:/Users/lsdeo/Documents/Ararangua/Eng. Comp/LDH/Cafeteira_Repo/Cafeteira/Cafeteira.vhd Line: 186
Info (10041): Inferred latch for "w_letra_2[1]" at Cafeteira.vhd(186) File: D:/Users/lsdeo/Documents/Ararangua/Eng. Comp/LDH/Cafeteira_Repo/Cafeteira/Cafeteira.vhd Line: 186
Info (10041): Inferred latch for "w_letra_2[2]" at Cafeteira.vhd(186) File: D:/Users/lsdeo/Documents/Ararangua/Eng. Comp/LDH/Cafeteira_Repo/Cafeteira/Cafeteira.vhd Line: 186
Info (10041): Inferred latch for "w_letra_1[0]" at Cafeteira.vhd(186) File: D:/Users/lsdeo/Documents/Ararangua/Eng. Comp/LDH/Cafeteira_Repo/Cafeteira/Cafeteira.vhd Line: 186
Info (10041): Inferred latch for "w_letra_1[1]" at Cafeteira.vhd(186) File: D:/Users/lsdeo/Documents/Ararangua/Eng. Comp/LDH/Cafeteira_Repo/Cafeteira/Cafeteira.vhd Line: 186
Info (10041): Inferred latch for "w_letra_1[2]" at Cafeteira.vhd(186) File: D:/Users/lsdeo/Documents/Ararangua/Eng. Comp/LDH/Cafeteira_Repo/Cafeteira/Cafeteira.vhd Line: 186
Info (10041): Inferred latch for "w_letra_0[0]" at Cafeteira.vhd(186) File: D:/Users/lsdeo/Documents/Ararangua/Eng. Comp/LDH/Cafeteira_Repo/Cafeteira/Cafeteira.vhd Line: 186
Info (10041): Inferred latch for "w_letra_0[1]" at Cafeteira.vhd(186) File: D:/Users/lsdeo/Documents/Ararangua/Eng. Comp/LDH/Cafeteira_Repo/Cafeteira/Cafeteira.vhd Line: 186
Info (10041): Inferred latch for "w_letra_0[2]" at Cafeteira.vhd(186) File: D:/Users/lsdeo/Documents/Ararangua/Eng. Comp/LDH/Cafeteira_Repo/Cafeteira/Cafeteira.vhd Line: 186
Info (10041): Inferred latch for "o_l_acucar" at Cafeteira.vhd(186) File: D:/Users/lsdeo/Documents/Ararangua/Eng. Comp/LDH/Cafeteira_Repo/Cafeteira/Cafeteira.vhd Line: 186
Info (10041): Inferred latch for "o_l_tamanho" at Cafeteira.vhd(186) File: D:/Users/lsdeo/Documents/Ararangua/Eng. Comp/LDH/Cafeteira_Repo/Cafeteira/Cafeteira.vhd Line: 186
Info (10041): Inferred latch for "o_l_mocaccino" at Cafeteira.vhd(186) File: D:/Users/lsdeo/Documents/Ararangua/Eng. Comp/LDH/Cafeteira_Repo/Cafeteira/Cafeteira.vhd Line: 186
Info (10041): Inferred latch for "o_l_cafe_leite" at Cafeteira.vhd(186) File: D:/Users/lsdeo/Documents/Ararangua/Eng. Comp/LDH/Cafeteira_Repo/Cafeteira/Cafeteira.vhd Line: 186
Info (10041): Inferred latch for "o_l_cafe" at Cafeteira.vhd(186) File: D:/Users/lsdeo/Documents/Ararangua/Eng. Comp/LDH/Cafeteira_Repo/Cafeteira/Cafeteira.vhd Line: 186
Info (12128): Elaborating entity "ConversorD7" for hierarchy "ConversorD7:U02" File: D:/Users/lsdeo/Documents/Ararangua/Eng. Comp/LDH/Cafeteira_Repo/Cafeteira/Cafeteira.vhd Line: 123
Info (12128): Elaborating entity "Processador" for hierarchy "Processador:U06" File: D:/Users/lsdeo/Documents/Ararangua/Eng. Comp/LDH/Cafeteira_Repo/Cafeteira/Cafeteira.vhd Line: 156
Warning (10540): VHDL Signal Declaration warning at Processador.vhd(15): used explicit default value for signal "o_f_pronto" because signal was never assigned a value File: D:/Users/lsdeo/Documents/Ararangua/Eng. Comp/LDH/Cafeteira_Repo/Processador/Processador.vhd Line: 15
Warning (10540): VHDL Signal Declaration warning at Processador.vhd(16): used explicit default value for signal "o_f_preparo" because signal was never assigned a value File: D:/Users/lsdeo/Documents/Ararangua/Eng. Comp/LDH/Cafeteira_Repo/Processador/Processador.vhd Line: 16
Warning (10540): VHDL Signal Declaration warning at Processador.vhd(17): used explicit default value for signal "o_valv_leite" because signal was never assigned a value File: D:/Users/lsdeo/Documents/Ararangua/Eng. Comp/LDH/Cafeteira_Repo/Processador/Processador.vhd Line: 17
Warning (10540): VHDL Signal Declaration warning at Processador.vhd(18): used explicit default value for signal "o_valv_cafe" because signal was never assigned a value File: D:/Users/lsdeo/Documents/Ararangua/Eng. Comp/LDH/Cafeteira_Repo/Processador/Processador.vhd Line: 18
Warning (10540): VHDL Signal Declaration warning at Processador.vhd(19): used explicit default value for signal "o_valv_chocolate" because signal was never assigned a value File: D:/Users/lsdeo/Documents/Ararangua/Eng. Comp/LDH/Cafeteira_Repo/Processador/Processador.vhd Line: 19
Warning (10540): VHDL Signal Declaration warning at Processador.vhd(20): used explicit default value for signal "o_valv_acucar" because signal was never assigned a value File: D:/Users/lsdeo/Documents/Ararangua/Eng. Comp/LDH/Cafeteira_Repo/Processador/Processador.vhd Line: 20
Warning (10540): VHDL Signal Declaration warning at Processador.vhd(21): used explicit default value for signal "o_valv_agua" because signal was never assigned a value File: D:/Users/lsdeo/Documents/Ararangua/Eng. Comp/LDH/Cafeteira_Repo/Processador/Processador.vhd Line: 21
Warning (10541): VHDL Signal Declaration warning at Processador.vhd(22): used implicit default value for signal "o_f_repo" because signal was never assigned a value or an explicit default value. Use of implicit default value may introduce unintended design optimizations. File: D:/Users/lsdeo/Documents/Ararangua/Eng. Comp/LDH/Cafeteira_Repo/Processador/Processador.vhd Line: 22
Warning (10540): VHDL Signal Declaration warning at Processador.vhd(30): used explicit default value for signal "w_start" because signal was never assigned a value File: D:/Users/lsdeo/Documents/Ararangua/Eng. Comp/LDH/Cafeteira_Repo/Processador/Processador.vhd Line: 30
Warning (10540): VHDL Signal Declaration warning at Processador.vhd(31): used explicit default value for signal "w_clear" because signal was never assigned a value File: D:/Users/lsdeo/Documents/Ararangua/Eng. Comp/LDH/Cafeteira_Repo/Processador/Processador.vhd Line: 31
Info (12128): Elaborating entity "Cronometro" for hierarchy "Cronometro:U07" File: D:/Users/lsdeo/Documents/Ararangua/Eng. Comp/LDH/Cafeteira_Repo/Cafeteira/Cafeteira.vhd Line: 177
Error (12005): Actual width (28) of port "i_valor" on instance "Processador:U06" is not compatible with the formal port width (24) declared by the instantiated entity File: D:/Users/lsdeo/Documents/Ararangua/Eng. Comp/LDH/Cafeteira_Repo/Cafeteira/Cafeteira.vhd Line: 156
Warning (12241): 1 hierarchies have connectivity warnings - see the Connectivity Checks report folder
Error: Quartus Prime Analysis & Synthesis was unsuccessful. 1 error, 30 warnings
    Error: Peak virtual memory: 4784 megabytes
    Error: Processing ended: Thu Jul 28 17:58:26 2022
    Error: Elapsed time: 00:00:18
    Error: Total CPU time (on all processors): 00:00:37


